<?xml version="1.0" encoding="UTF-8"?>
<!-- Generated by org.testng.reporters.JUnitXMLReporter -->
<testsuite ignored="0" hostname="TECHYDLP-C33J103" failures="1" tests="4" name="Parallel Tests" time="50.371" errors="0" timestamp="2023-10-19T16:49:34 IST">
  <testcase classname="extentReports.InputFormTest" name="MultipleInputTest" time="8.416"/>
  <testcase classname="extentReports.InputFormTest" name="SingleInputTest" time="3.422"/>
  <testcase classname="extentReports.InputFormTest" name="verifyTitle" time="2.127"/>
  <testcase classname="extentReports.AlertTests" name="clickSimpleAlertAndGetMessage" time="5.28">
    <failure type="java.lang.AssertionError" message="expected [true] but found [false]">
      <![CDATA[java.lang.AssertionError: expected [true] but found [false]
at extentReports.AlertTests.clickSimpleAlertAndGetMessage(AlertTests.java:71)
at java.base/java.util.ArrayList.forEach(ArrayList.java:1511)
... Removed 31 stack frames]]>
    </failure>
  </testcase> <!-- clickSimpleAlertAndGetMessage -->
</testsuite> <!-- Parallel Tests -->
