<?xml version="1.0" encoding="UTF-8"?>
<!-- Generated by org.testng.reporters.JUnitXMLReporter -->
<testsuite ignored="0" hostname="TECHYDLP-C33J103" failures="2" tests="9" name="TestNG Sample Test" time="0.159" errors="0" timestamp="2023-08-29T22:14:54 IST">
  <testcase classname="common.RetryOnlyFailedTests" name="test1" time="0.081">
    <skipped/>
  </testcase> <!-- test1 -->
  <testcase classname="common.RetryOnlyFailedTests" name="test1" time="0.002">
    <skipped/>
  </testcase> <!-- test1 -->
  <testcase classname="common.RetryOnlyFailedTests" name="test1" time="0.001">
    <skipped/>
  </testcase> <!-- test1 -->
  <testcase classname="common.RetryOnlyFailedTests" name="test1" time="0.001">
    <failure type="java.lang.AssertionError" message="Addition Problem! 2+2 must be 4!
 expected [5] but found [4]">
      <![CDATA[java.lang.AssertionError: Addition Problem! 2+2 must be 4!
 expected [5] but found [4]
at common.RetryOnlyFailedTests.test1(RetryOnlyFailedTests.java:9)
at java.base/java.util.ArrayList.forEach(ArrayList.java:1511)
... Removed 33 stack frames]]>
    </failure>
  </testcase> <!-- test1 -->
  <testcase classname="common.RetryOnlyFailedTests" name="test2" time="0.001">
    <skipped/>
  </testcase> <!-- test2 -->
  <testcase classname="common.RetryOnlyFailedTests" name="test2" time="0.001">
    <skipped/>
  </testcase> <!-- test2 -->
  <testcase classname="common.RetryOnlyFailedTests" name="test2" time="0.001">
    <skipped/>
  </testcase> <!-- test2 -->
  <testcase classname="common.RetryOnlyFailedTests" name="test2" time="0.001">
    <failure type="java.lang.AssertionError" message="Addition Problem! 2+2 must be 4!
 expected [3] but found [4]">
      <![CDATA[java.lang.AssertionError: Addition Problem! 2+2 must be 4!
 expected [3] but found [4]
at common.RetryOnlyFailedTests.test2(RetryOnlyFailedTests.java:14)
at java.base/java.util.ArrayList.forEach(ArrayList.java:1511)
... Removed 33 stack frames]]>
    </failure>
  </testcase> <!-- test2 -->
  <testcase classname="common.RetryOnlyFailedTests" name="test3" time="0.002"/>
</testsuite> <!-- TestNG Sample Test -->
